<?xml version="1.0" encoding="UTF-8"?>
<!-- Generated by org.testng.reporters.JUnitReportReporter -->
<testsuite skipped="0" hostname="WIN-D90VHO3LFMQ" name="factoryTests.Test1" tests="2" failures="0" timestamp="09 дек 2020 19:07:07 GMT" time="0.031" errors="0">
  <testcase name="test2" time="0.005" classname="factoryTests.Test1"/>
  <testcase name="test1" time="0.026" classname="factoryTests.Test1"/>
</testsuite> <!-- factoryTests.Test1 -->
