<?xml version="1.0" encoding="UTF-8"?>
<!-- Generated by org.testng.reporters.JUnitReportReporter -->
<testsuite skipped="0" hostname="WIN-D90VHO3LFMQ" name="CalculatorTest" tests="5" failures="0" timestamp="09 дек 2020 19:07:07 GMT" time="0.007" errors="0">
  <testcase name="test1Sum" time="0.000" classname="CalculatorTest"/>
  <testcase name="test1Sum" time="0.001" classname="CalculatorTest"/>
  <testcase name="test2Multiply" time="0.000" classname="CalculatorTest"/>
  <testcase name="test1Sum" time="0.000" classname="CalculatorTest"/>
  <testcase name="test1Multiply" time="0.006" classname="CalculatorTest"/>
</testsuite> <!-- CalculatorTest -->
