<?xml version="1.0" encoding="UTF-8"?>
<!-- Generated by org.testng.reporters.JUnitReportReporter -->
<testsuite skipped="0" hostname="WIN-D90VHO3LFMQ" name="factoryTests.Test2" tests="3" failures="0" timestamp="09 дек 2020 19:07:07 GMT" time="0.001" errors="0">
  <testcase name="test22" time="0.000" classname="factoryTests.Test2"/>
  <testcase name="test22" time="0.001" classname="factoryTests.Test2"/>
  <testcase name="test22" time="0.000" classname="factoryTests.Test2"/>
</testsuite> <!-- factoryTests.Test2 -->
