<?xml version="1.0" encoding="UTF-8"?>
<!-- Generated by org.testng.reporters.JUnitReportReporter -->
<testsuite skipped="0" hostname="WIN-D90VHO3LFMQ" name="factoryTests.Test4" tests="2" failures="0" timestamp="09 дек 2020 19:07:07 GMT" time="0.003" errors="0">
  <testcase name="test4" time="0.001" classname="factoryTests.Test4"/>
  <testcase name="test4" time="0.002" classname="factoryTests.Test4"/>
</testsuite> <!-- factoryTests.Test4 -->
