<?xml version="1.0" encoding="UTF-8"?>
<!-- Generated by org.testng.reporters.JUnitReportReporter -->
<testsuite skipped="0" hostname="WIN-D90VHO3LFMQ" name="StringWorkerTest" tests="7" failures="0" timestamp="09 дек 2020 19:07:07 GMT" time="0.008" errors="0">
  <testcase name="client1Test" time="0.001" classname="StringWorkerTest"/>
  <testcase name="test1" time="0.000" classname="StringWorkerTest"/>
  <testcase name="client2Test" time="0.002" classname="StringWorkerTest"/>
  <testcase name="client1Test" time="0.001" classname="StringWorkerTest"/>
  <testcase name="client2Test" time="0.002" classname="StringWorkerTest"/>
  <testcase name="instanceDbProvider" time="0.001" classname="StringWorkerTest"/>
  <testcase name="instanceDbProvider" time="0.001" classname="StringWorkerTest"/>
</testsuite> <!-- StringWorkerTest -->
